<?xml version="1.0" encoding="UTF-8"?>
<testng-results ignored="0" total="2" passed="2" failed="0" skipped="0">
  <reporter-output>
  </reporter-output>
  <suite started-at="2021-12-23T15:42:28 IST" name="Default suite" finished-at="2021-12-23T15:42:40 IST" duration-ms="12762">
    <groups>
    </groups>
    <test started-at="2021-12-23T15:42:28 IST" name="Default test" finished-at="2021-12-23T15:42:40 IST" duration-ms="12762">
      <class name="pageobjectmodel.withpageobjectmodels">
        <test-method is-config="true" signature="launchbrowser()[pri:0, instance:pageobjectmodel.withpageobjectmodels@58695725]" started-at="2021-12-23T15:42:28 IST" name="launchbrowser" finished-at="2021-12-23T15:42:30 IST" duration-ms="2366" status="PASS">
          <reporter-output>
          </reporter-output>
        </test-method> <!-- launchbrowser -->
        <test-method signature="loginfacebook()[pri:0, instance:pageobjectmodel.withpageobjectmodels@58695725]" started-at="2021-12-23T15:42:30 IST" name="loginfacebook" finished-at="2021-12-23T15:42:35 IST" duration-ms="5519" status="PASS">
          <reporter-output>
          </reporter-output>
        </test-method> <!-- loginfacebook -->
        <test-method is-config="true" signature="launchbrowser()[pri:0, instance:pageobjectmodel.withpageobjectmodels@58695725]" started-at="2021-12-23T15:42:35 IST" name="launchbrowser" finished-at="2021-12-23T15:42:37 IST" duration-ms="1082" status="PASS">
          <reporter-output>
          </reporter-output>
        </test-method> <!-- launchbrowser -->
        <test-method signature="verifygooglesearch()[pri:0, instance:pageobjectmodel.withpageobjectmodels@58695725]" started-at="2021-12-23T15:42:37 IST" name="verifygooglesearch" finished-at="2021-12-23T15:42:40 IST" duration-ms="3752" status="PASS">
          <reporter-output>
          </reporter-output>
        </test-method> <!-- verifygooglesearch -->
      </class> <!-- pageobjectmodel.withpageobjectmodels -->
    </test> <!-- Default test -->
  </suite> <!-- Default suite -->
</testng-results>
